2023-05-13 10:59:04,989 [django.request:241] [log:log_response] [WARNING] Not Found: /factory/static/images/logo-sm.png
2023-05-13 10:59:05,004 [django.request:241] [log:log_response] [WARNING] Not Found: /factory/static/images/users/avatar-1.jpg
2023-05-13 11:01:56,829 [django.request:241] [log:log_response] [WARNING] Not Found: /factory/static/images/logo-sm.png
2023-05-13 11:01:56,849 [django.request:241] [log:log_response] [WARNING] Not Found: /factory/static/images/users/avatar-1.jpg
2023-05-13 11:02:21,034 [django.request:241] [log:log_response] [WARNING] Not Found: /factory/static/images/logo-sm.png
2023-05-13 11:02:21,043 [django.request:241] [log:log_response] [WARNING] Not Found: /factory/static/images/users/avatar-1.jpg
2023-05-13 11:03:10,837 [django.request:241] [log:log_response] [WARNING] Not Found: /factory/static/images/logo-sm.png
2023-05-13 11:03:10,856 [django.request:241] [log:log_response] [WARNING] Not Found: /factory/static/images/users/avatar-1.jpg
2023-05-13 11:03:34,191 [django.request:241] [log:log_response] [WARNING] Not Found: /factory/static/images/logo-sm.png
2023-05-13 11:03:34,274 [django.request:241] [log:log_response] [WARNING] Not Found: /factory/static/images/users/avatar-1.jpg
2023-05-13 11:03:34,856 [django.request:241] [log:log_response] [WARNING] Not Found: /factory/static/images/logo-sm.png
2023-05-13 11:03:34,858 [django.request:241] [log:log_response] [WARNING] Not Found: /factory/static/images/users/avatar-1.jpg
2023-05-13 11:03:34,890 [django.request:241] [log:log_response] [WARNING] Not Found: /factory/static/images/logo-sm.png
2023-05-13 11:03:34,892 [django.request:241] [log:log_response] [WARNING] Not Found: /factory/static/images/users/avatar-1.jpg
2023-05-13 11:05:29,253 [django.request:241] [log:log_response] [WARNING] Not Found: /factory/static/images/logo-sm.png
2023-05-13 11:05:29,272 [django.request:241] [log:log_response] [WARNING] Not Found: /factory/static/images/users/avatar-1.jpg
2023-05-13 11:05:29,827 [django.request:241] [log:log_response] [WARNING] Not Found: /factory/static/images/users/avatar-1.jpg
2023-05-13 11:05:29,828 [django.request:241] [log:log_response] [WARNING] Not Found: /factory/static/images/logo-sm.png
2023-05-13 11:05:50,003 [django.request:241] [log:log_response] [WARNING] Not Found: /factory/static/images/logo-sm.png
2023-05-13 11:05:50,012 [django.request:241] [log:log_response] [WARNING] Not Found: /factory/static/images/users/avatar-1.jpg
2023-05-13 11:17:54,066 [django.request:241] [log:log_response] [WARNING] Not Found: /factory/static/images/logo-sm.png
2023-05-13 11:17:54,103 [django.request:241] [log:log_response] [WARNING] Not Found: /factory/static/images/users/avatar-1.jpg
2023-05-13 11:18:19,925 [django.request:241] [log:log_response] [WARNING] Not Found: /factory/static/images/logo-sm.png
2023-05-13 11:18:19,927 [django.request:241] [log:log_response] [WARNING] Not Found: /factory/static/images/users/avatar-1.jpg
2023-05-13 11:21:11,356 [django.request:241] [log:log_response] [WARNING] Not Found: /factory/static/images/logo-sm.png
2023-05-13 11:21:11,357 [django.request:241] [log:log_response] [WARNING] Not Found: /factory/static/images/users/avatar-1.jpg
2023-05-13 11:21:33,422 [django.request:241] [log:log_response] [WARNING] Not Found: /factory/static/images/users/avatar-1.jpg
2023-05-13 11:21:33,423 [django.request:241] [log:log_response] [WARNING] Not Found: /factory/static/images/logo-sm.png
2023-05-13 11:21:33,846 [django.request:241] [log:log_response] [WARNING] Not Found: /factory/static/images/logo-sm.png
2023-05-13 11:21:33,846 [django.request:241] [log:log_response] [WARNING] Not Found: /factory/static/images/users/avatar-1.jpg
2023-05-13 11:21:34,003 [django.request:241] [log:log_response] [WARNING] Not Found: /factory/static/images/logo-sm.png
2023-05-13 11:21:34,003 [django.request:241] [log:log_response] [WARNING] Not Found: /factory/static/images/users/avatar-1.jpg
2023-05-13 11:21:34,119 [django.request:241] [log:log_response] [WARNING] Not Found: /factory/static/images/users/avatar-1.jpg
2023-05-13 11:21:34,120 [django.request:241] [log:log_response] [WARNING] Not Found: /factory/static/images/logo-sm.png
2023-05-13 11:21:34,263 [django.request:241] [log:log_response] [WARNING] Not Found: /factory/static/images/logo-sm.png
2023-05-13 11:21:34,284 [django.request:241] [log:log_response] [WARNING] Not Found: /factory/static/images/users/avatar-1.jpg
2023-05-13 11:22:36,594 [django.request:241] [log:log_response] [WARNING] Not Found: /factory/static/images/logo-sm.png
2023-05-13 11:22:36,622 [django.request:241] [log:log_response] [WARNING] Not Found: /factory/static/images/users/avatar-1.jpg
2023-05-13 11:27:15,094 [django.request:241] [log:log_response] [WARNING] Not Found: /factory/static/images/logo-sm.png
2023-05-13 11:27:15,126 [django.request:241] [log:log_response] [WARNING] Not Found: /factory/static/images/users/avatar-1.jpg
2023-05-13 11:27:43,350 [django.request:241] [log:log_response] [WARNING] Not Found: /factory/static/images/logo-sm.png
2023-05-13 11:27:43,361 [django.request:241] [log:log_response] [WARNING] Not Found: /factory/static/images/users/avatar-1.jpg
2023-05-13 11:34:01,043 [django.request:241] [log:log_response] [WARNING] Not Found: /factory/static/images/logo-sm.png
2023-05-13 11:34:01,065 [django.request:241] [log:log_response] [WARNING] Not Found: /factory/static/images/users/avatar-1.jpg
2023-05-13 11:34:15,677 [django.request:241] [log:log_response] [WARNING] Not Found: /factory/static/images/logo-sm.png
2023-05-13 11:34:15,696 [django.request:241] [log:log_response] [WARNING] Not Found: /factory/static/images/users/avatar-1.jpg
2023-05-13 11:36:06,902 [django.request:241] [log:log_response] [WARNING] Not Found: /factory/static/images/logo-sm.png
2023-05-13 11:36:06,941 [django.request:241] [log:log_response] [WARNING] Not Found: /factory/static/images/users/avatar-1.jpg
2023-05-13 11:37:00,777 [django.request:241] [log:log_response] [WARNING] Not Found: /factory/static/images/logo-sm.png
2023-05-13 11:37:00,786 [django.request:241] [log:log_response] [WARNING] Not Found: /factory/static/images/users/avatar-1.jpg
2023-05-13 11:37:15,712 [django.request:241] [log:log_response] [WARNING] Not Found: /factory/static/images/logo-sm.png
2023-05-13 11:37:15,713 [django.request:241] [log:log_response] [WARNING] Not Found: /factory/static/images/users/avatar-1.jpg
2023-05-13 11:37:27,645 [django.request:241] [log:log_response] [WARNING] Not Found: /factory/static/images/users/avatar-1.jpg
2023-05-13 11:37:27,648 [django.request:241] [log:log_response] [WARNING] Not Found: /factory/static/images/logo-sm.png
2023-05-13 11:39:24,426 [django.request:241] [log:log_response] [WARNING] Not Found: /factory/static/images/logo-sm.png
2023-05-13 11:39:24,427 [django.request:241] [log:log_response] [WARNING] Not Found: /factory/static/images/users/avatar-1.jpg
2023-05-13 11:40:08,025 [django.request:241] [log:log_response] [WARNING] Not Found: /factory/static/images/users/avatar-1.jpg
2023-05-13 11:40:08,026 [django.request:241] [log:log_response] [WARNING] Not Found: /factory/static/images/logo-sm.png
2023-05-13 11:42:09,763 [django.request:241] [log:log_response] [WARNING] Not Found: /factory/static/images/logo-sm.png
2023-05-13 11:42:09,765 [django.request:241] [log:log_response] [WARNING] Not Found: /factory/static/images/users/avatar-1.jpg
2023-05-13 11:44:18,457 [django.request:241] [log:log_response] [WARNING] Not Found: /factory/static/images/logo-sm.png
2023-05-13 11:44:18,461 [django.request:241] [log:log_response] [WARNING] Not Found: /factory/static/images/users/avatar-1.jpg
2023-05-13 11:45:01,807 [django.request:241] [log:log_response] [WARNING] Not Found: /factory/static/images/logo-sm.png
2023-05-13 11:45:01,809 [django.request:241] [log:log_response] [WARNING] Not Found: /factory/static/images/users/avatar-1.jpg
2023-05-13 11:45:19,777 [django.request:241] [log:log_response] [WARNING] Not Found: /factory/static/images/logo-sm.png
2023-05-13 11:45:19,778 [django.request:241] [log:log_response] [WARNING] Not Found: /factory/static/images/users/avatar-1.jpg
2023-05-13 11:45:38,295 [django.request:241] [log:log_response] [ERROR] Internal Server Error: /factory/intranet/add/
Traceback (most recent call last):
  File "C:\Users\admin\AppData\Local\Programs\Python\Python311\Lib\site-packages\django\db\backends\mysql\base.py", line 75, in execute
    return self.cursor.execute(query, args)
           ^^^^^^^^^^^^^^^^^^^^^^^^^^^^^^^^
  File "C:\Users\admin\AppData\Local\Programs\Python\Python311\Lib\site-packages\MySQLdb\cursors.py", line 206, in execute
    res = self._query(query)
          ^^^^^^^^^^^^^^^^^^
  File "C:\Users\admin\AppData\Local\Programs\Python\Python311\Lib\site-packages\MySQLdb\cursors.py", line 319, in _query
    db.query(q)
  File "C:\Users\admin\AppData\Local\Programs\Python\Python311\Lib\site-packages\MySQLdb\connections.py", line 254, in query
    _mysql.connection.query(self, query)
MySQLdb.OperationalError: (1048, "Column 'name' cannot be null")

During handling of the above exception, another exception occurred:

Traceback (most recent call last):
  File "C:\Users\admin\AppData\Local\Programs\Python\Python311\Lib\site-packages\django\core\handlers\exception.py", line 55, in inner
    response = get_response(request)
               ^^^^^^^^^^^^^^^^^^^^^
  File "C:\Users\admin\AppData\Local\Programs\Python\Python311\Lib\site-packages\django\core\handlers\base.py", line 197, in _get_response
    response = wrapped_callback(request, *callback_args, **callback_kwargs)
               ^^^^^^^^^^^^^^^^^^^^^^^^^^^^^^^^^^^^^^^^^^^^^^^^^^^^^^^^^^^^
  File "C:\Users\admin\AppData\Local\Programs\Python\Python311\Lib\site-packages\django\views\decorators\csrf.py", line 54, in wrapped_view
    return view_func(*args, **kwargs)
           ^^^^^^^^^^^^^^^^^^^^^^^^^^
  File "D:\项目\data_factory_platform\data_sync\views.py", line 138, in add_intranet_config
    obj = DataFactoryIntranetConfig.objects.create(name=name, host=host, user=user, password=password, port=port,
          ^^^^^^^^^^^^^^^^^^^^^^^^^^^^^^^^^^^^^^^^^^^^^^^^^^^^^^^^^^^^^^^^^^^^^^^^^^^^^^^^^^^^^^^^^^^^^^^^^^^^^^^
  File "C:\Users\admin\AppData\Local\Programs\Python\Python311\Lib\site-packages\django\db\models\manager.py", line 85, in manager_method
    return getattr(self.get_queryset(), name)(*args, **kwargs)
           ^^^^^^^^^^^^^^^^^^^^^^^^^^^^^^^^^^^^^^^^^^^^^^^^^^^
  File "C:\Users\admin\AppData\Local\Programs\Python\Python311\Lib\site-packages\django\db\models\query.py", line 671, in create
    obj.save(force_insert=True, using=self.db)
  File "C:\Users\admin\AppData\Local\Programs\Python\Python311\Lib\site-packages\django\db\models\base.py", line 812, in save
    self.save_base(
  File "C:\Users\admin\AppData\Local\Programs\Python\Python311\Lib\site-packages\django\db\models\base.py", line 863, in save_base
    updated = self._save_table(
              ^^^^^^^^^^^^^^^^^
  File "C:\Users\admin\AppData\Local\Programs\Python\Python311\Lib\site-packages\django\db\models\base.py", line 1006, in _save_table
    results = self._do_insert(
              ^^^^^^^^^^^^^^^^
  File "C:\Users\admin\AppData\Local\Programs\Python\Python311\Lib\site-packages\django\db\models\base.py", line 1047, in _do_insert
    return manager._insert(
           ^^^^^^^^^^^^^^^^
  File "C:\Users\admin\AppData\Local\Programs\Python\Python311\Lib\site-packages\django\db\models\manager.py", line 85, in manager_method
    return getattr(self.get_queryset(), name)(*args, **kwargs)
           ^^^^^^^^^^^^^^^^^^^^^^^^^^^^^^^^^^^^^^^^^^^^^^^^^^^
  File "C:\Users\admin\AppData\Local\Programs\Python\Python311\Lib\site-packages\django\db\models\query.py", line 1790, in _insert
    return query.get_compiler(using=using).execute_sql(returning_fields)
           ^^^^^^^^^^^^^^^^^^^^^^^^^^^^^^^^^^^^^^^^^^^^^^^^^^^^^^^^^^^^^
  File "C:\Users\admin\AppData\Local\Programs\Python\Python311\Lib\site-packages\django\db\models\sql\compiler.py", line 1660, in execute_sql
    cursor.execute(sql, params)
  File "C:\Users\admin\AppData\Local\Programs\Python\Python311\Lib\site-packages\django\db\backends\utils.py", line 103, in execute
    return super().execute(sql, params)
           ^^^^^^^^^^^^^^^^^^^^^^^^^^^^
  File "C:\Users\admin\AppData\Local\Programs\Python\Python311\Lib\site-packages\django\db\backends\utils.py", line 67, in execute
    return self._execute_with_wrappers(
           ^^^^^^^^^^^^^^^^^^^^^^^^^^^^
  File "C:\Users\admin\AppData\Local\Programs\Python\Python311\Lib\site-packages\django\db\backends\utils.py", line 80, in _execute_with_wrappers
    return executor(sql, params, many, context)
           ^^^^^^^^^^^^^^^^^^^^^^^^^^^^^^^^^^^^
  File "C:\Users\admin\AppData\Local\Programs\Python\Python311\Lib\site-packages\django\db\backends\utils.py", line 89, in _execute
    return self.cursor.execute(sql, params)
           ^^^^^^^^^^^^^^^^^^^^^^^^^^^^^^^^
  File "C:\Users\admin\AppData\Local\Programs\Python\Python311\Lib\site-packages\django\db\backends\mysql\base.py", line 80, in execute
    raise IntegrityError(*tuple(e.args))
django.db.utils.IntegrityError: (1048, "Column 'name' cannot be null")
2023-05-13 11:45:38,693 [django.request:241] [log:log_response] [WARNING] Not Found: /favicon.ico
2023-05-13 11:47:10,452 [django.request:241] [log:log_response] [WARNING] Not Found: /factory/static/images/logo-sm.png
2023-05-13 11:47:10,470 [django.request:241] [log:log_response] [WARNING] Not Found: /factory/static/images/users/avatar-1.jpg
2023-05-13 11:47:54,366 [django.request:241] [log:log_response] [WARNING] Not Found: /factory/static/images/users/avatar-1.jpg
2023-05-13 11:47:54,369 [django.request:241] [log:log_response] [WARNING] Not Found: /factory/static/images/logo-sm.png
2023-05-13 11:47:54,643 [django.request:241] [log:log_response] [WARNING] Not Found: /factory/static/images/logo-sm.png
2023-05-13 11:47:54,644 [django.request:241] [log:log_response] [WARNING] Not Found: /factory/static/images/users/avatar-1.jpg
2023-05-13 11:47:55,117 [django.request:241] [log:log_response] [WARNING] Not Found: /factory/static/images/logo-sm.png
2023-05-13 11:47:55,118 [django.request:241] [log:log_response] [WARNING] Not Found: /factory/static/images/users/avatar-1.jpg
2023-05-13 11:47:55,143 [django.request:241] [log:log_response] [WARNING] Not Found: /factory/static/images/logo-sm.png
2023-05-13 11:47:55,144 [django.request:241] [log:log_response] [WARNING] Not Found: /factory/static/images/users/avatar-1.jpg
2023-05-13 11:50:45,796 [django.request:241] [log:log_response] [WARNING] Not Found: /factory/static/images/logo-sm.png
2023-05-13 11:50:45,816 [django.request:241] [log:log_response] [WARNING] Not Found: /factory/static/images/users/avatar-1.jpg
2023-05-13 11:52:00,519 [django.request:241] [log:log_response] [WARNING] Not Found: /factory/static/images/logo-sm.png
2023-05-13 11:52:00,555 [django.request:241] [log:log_response] [WARNING] Not Found: /factory/static/images/users/avatar-1.jpg
2023-05-13 11:54:32,328 [django.request:241] [log:log_response] [WARNING] Not Found: /factory/static/images/users/avatar-1.jpg
2023-05-13 11:54:32,329 [django.request:241] [log:log_response] [WARNING] Not Found: /factory/static/images/logo-sm.png
2023-05-13 11:54:42,892 [django.request:241] [log:log_response] [WARNING] Not Found: /factory/static/images/logo-sm.png
2023-05-13 11:54:42,908 [django.request:241] [log:log_response] [WARNING] Not Found: /factory/static/images/users/avatar-1.jpg
2023-05-13 11:55:36,148 [django.request:241] [log:log_response] [WARNING] Not Found: /factory/intranet/static/images/logo-sm.png
2023-05-13 11:55:36,149 [django.request:241] [log:log_response] [WARNING] Not Found: /factory/intranet/static/images/users/avatar-1.jpg
2023-05-13 11:55:36,564 [django.request:241] [log:log_response] [WARNING] Not Found: /factory/intranet/static/images/favicon.ico
2023-05-13 15:23:10,319 [django.request:241] [log:log_response] [WARNING] Not Found: /login/images/login-icons.png
2023-05-13 15:27:34,364 [django.request:241] [log:log_response] [ERROR] Internal Server Error: /register/
Traceback (most recent call last):
  File "C:\Users\admin\AppData\Local\Programs\Python\Python311\Lib\site-packages\django\core\handlers\exception.py", line 55, in inner
    response = get_response(request)
               ^^^^^^^^^^^^^^^^^^^^^
  File "C:\Users\admin\AppData\Local\Programs\Python\Python311\Lib\site-packages\django\core\handlers\base.py", line 197, in _get_response
    response = wrapped_callback(request, *callback_args, **callback_kwargs)
               ^^^^^^^^^^^^^^^^^^^^^^^^^^^^^^^^^^^^^^^^^^^^^^^^^^^^^^^^^^^^
  File "D:\项目\data_factory_platform\accredit\views.py", line 32, in register
    return render(request, template_name='authorization/html/register.html')
           ^^^^^^^^^^^^^^^^^^^^^^^^^^^^^^^^^^^^^^^^^^^^^^^^^^^^^^^^^^^^^^^^^
  File "C:\Users\admin\AppData\Local\Programs\Python\Python311\Lib\site-packages\django\shortcuts.py", line 24, in render
    content = loader.render_to_string(template_name, context, request, using=using)
              ^^^^^^^^^^^^^^^^^^^^^^^^^^^^^^^^^^^^^^^^^^^^^^^^^^^^^^^^^^^^^^^^^^^^^
  File "C:\Users\admin\AppData\Local\Programs\Python\Python311\Lib\site-packages\django\template\loader.py", line 61, in render_to_string
    template = get_template(template_name, using=using)
               ^^^^^^^^^^^^^^^^^^^^^^^^^^^^^^^^^^^^^^^^
  File "C:\Users\admin\AppData\Local\Programs\Python\Python311\Lib\site-packages\django\template\loader.py", line 19, in get_template
    raise TemplateDoesNotExist(template_name, chain=chain)
django.template.exceptions.TemplateDoesNotExist: authorization/html/register.html
2023-05-13 15:28:18,431 [django.request:241] [log:log_response] [WARNING] Not Found: /login/images/login-icons.png
2023-05-13 15:28:19,013 [django.request:241] [log:log_response] [WARNING] Not Found: /login/images/login-icons.png
2023-05-13 15:28:19,662 [django.request:241] [log:log_response] [WARNING] Not Found: /login/images/login-icons.png
2023-05-13 15:28:20,075 [django.request:241] [log:log_response] [WARNING] Not Found: /login/images/login-icons.png
2023-05-13 15:28:58,279 [django.request:241] [log:log_response] [WARNING] Not Found: /login/images/login-icons.png
2023-05-13 15:28:59,329 [django.request:241] [log:log_response] [WARNING] Not Found: /login/images/login-icons.png
2023-05-13 15:29:01,675 [django.request:241] [log:log_response] [WARNING] Not Found: /login/images/login-icons.png
2023-05-13 15:29:02,331 [django.request:241] [log:log_response] [WARNING] Not Found: /login/images/login-icons.png
2023-05-13 15:29:03,957 [django.request:241] [log:log_response] [WARNING] Not Found: /login/images/login-icons.png
2023-05-13 15:29:16,269 [django.request:241] [log:log_response] [WARNING] Not Found: /login/images/login-icons.png
2023-05-13 15:29:16,827 [django.request:241] [log:log_response] [WARNING] Not Found: /login/images/login-icons.png
2023-05-13 15:29:17,476 [django.request:241] [log:log_response] [WARNING] Not Found: /login/images/login-icons.png
2023-05-13 15:32:22,132 [django.request:241] [log:log_response] [WARNING] Not Found: /login/images/login-icons.png
2023-05-13 15:32:22,749 [django.request:241] [log:log_response] [WARNING] Not Found: /login/images/login-icons.png
2023-05-13 15:32:23,261 [django.request:241] [log:log_response] [WARNING] Not Found: /login/images/login-icons.png
2023-05-13 15:32:23,450 [django.request:241] [log:log_response] [WARNING] Not Found: /login/images/login-icons.png
2023-05-13 15:32:23,611 [django.request:241] [log:log_response] [WARNING] Not Found: /login/images/login-icons.png
2023-05-13 15:32:27,759 [django.request:241] [log:log_response] [WARNING] Not Found: /factory/index/
2023-05-13 15:32:33,236 [django.request:241] [log:log_response] [WARNING] Not Found: /login/images/login-icons.png
2023-05-13 15:35:22,567 [django.request:241] [log:log_response] [WARNING] Not Found: /login/images/login-icons.png
2023-05-13 15:35:23,754 [django.request:241] [log:log_response] [WARNING] Not Found: /login/images/login-icons.png
2023-05-13 15:35:39,889 [django.request:241] [log:log_response] [WARNING] Not Found: /login/images/login-icons.png
2023-05-13 15:35:40,900 [django.request:241] [log:log_response] [WARNING] Not Found: /login/images/login-icons.png
2023-05-13 15:35:41,678 [django.request:241] [log:log_response] [WARNING] Not Found: /login/images/login-icons.png
2023-05-13 15:35:42,608 [django.request:241] [log:log_response] [WARNING] Not Found: /login/images/login-icons.png
2023-05-13 15:35:52,777 [django.request:241] [log:log_response] [WARNING] Not Found: /login/images/login-icons.png
2023-05-13 15:35:54,013 [django.request:241] [log:log_response] [ERROR] Internal Server Error: /login/
Traceback (most recent call last):
  File "C:\Users\admin\AppData\Local\Programs\Python\Python311\Lib\site-packages\django\template\base.py", line 505, in parse
    compile_func = self.tags[command]
                   ~~~~~~~~~^^^^^^^^^
KeyError: 'static'

During handling of the above exception, another exception occurred:

Traceback (most recent call last):
  File "C:\Users\admin\AppData\Local\Programs\Python\Python311\Lib\site-packages\django\core\handlers\exception.py", line 55, in inner
    response = get_response(request)
               ^^^^^^^^^^^^^^^^^^^^^
  File "C:\Users\admin\AppData\Local\Programs\Python\Python311\Lib\site-packages\django\core\handlers\base.py", line 197, in _get_response
    response = wrapped_callback(request, *callback_args, **callback_kwargs)
               ^^^^^^^^^^^^^^^^^^^^^^^^^^^^^^^^^^^^^^^^^^^^^^^^^^^^^^^^^^^^
  File "D:\项目\data_factory_platform\accredit\views.py", line 17, in login
    return render(request, 'login/login.html')
           ^^^^^^^^^^^^^^^^^^^^^^^^^^^^^^^^^^^
  File "C:\Users\admin\AppData\Local\Programs\Python\Python311\Lib\site-packages\django\shortcuts.py", line 24, in render
    content = loader.render_to_string(template_name, context, request, using=using)
              ^^^^^^^^^^^^^^^^^^^^^^^^^^^^^^^^^^^^^^^^^^^^^^^^^^^^^^^^^^^^^^^^^^^^^
  File "C:\Users\admin\AppData\Local\Programs\Python\Python311\Lib\site-packages\django\template\loader.py", line 61, in render_to_string
    template = get_template(template_name, using=using)
               ^^^^^^^^^^^^^^^^^^^^^^^^^^^^^^^^^^^^^^^^
  File "C:\Users\admin\AppData\Local\Programs\Python\Python311\Lib\site-packages\django\template\loader.py", line 15, in get_template
    return engine.get_template(template_name)
           ^^^^^^^^^^^^^^^^^^^^^^^^^^^^^^^^^^
  File "C:\Users\admin\AppData\Local\Programs\Python\Python311\Lib\site-packages\django\template\backends\django.py", line 34, in get_template
    return Template(self.engine.get_template(template_name), self)
                    ^^^^^^^^^^^^^^^^^^^^^^^^^^^^^^^^^^^^^^^
  File "C:\Users\admin\AppData\Local\Programs\Python\Python311\Lib\site-packages\django\template\engine.py", line 175, in get_template
    template, origin = self.find_template(template_name)
                       ^^^^^^^^^^^^^^^^^^^^^^^^^^^^^^^^^
  File "C:\Users\admin\AppData\Local\Programs\Python\Python311\Lib\site-packages\django\template\engine.py", line 157, in find_template
    template = loader.get_template(name, skip=skip)
               ^^^^^^^^^^^^^^^^^^^^^^^^^^^^^^^^^^^^
  File "C:\Users\admin\AppData\Local\Programs\Python\Python311\Lib\site-packages\django\template\loaders\cached.py", line 57, in get_template
    template = super().get_template(template_name, skip)
               ^^^^^^^^^^^^^^^^^^^^^^^^^^^^^^^^^^^^^^^^^
  File "C:\Users\admin\AppData\Local\Programs\Python\Python311\Lib\site-packages\django\template\loaders\base.py", line 28, in get_template
    return Template(
           ^^^^^^^^^
  File "C:\Users\admin\AppData\Local\Programs\Python\Python311\Lib\site-packages\django\template\base.py", line 154, in __init__
    self.nodelist = self.compile_nodelist()
                    ^^^^^^^^^^^^^^^^^^^^^^^
  File "C:\Users\admin\AppData\Local\Programs\Python\Python311\Lib\site-packages\django\template\base.py", line 200, in compile_nodelist
    return parser.parse()
           ^^^^^^^^^^^^^^
  File "C:\Users\admin\AppData\Local\Programs\Python\Python311\Lib\site-packages\django\template\base.py", line 507, in parse
    self.invalid_block_tag(token, command, parse_until)
  File "C:\Users\admin\AppData\Local\Programs\Python\Python311\Lib\site-packages\django\template\base.py", line 568, in invalid_block_tag
    raise self.error(
django.template.exceptions.TemplateSyntaxError: Invalid block tag on line 7: 'static'. Did you forget to register or load this tag?
2023-05-13 15:35:55,322 [django.request:241] [log:log_response] [ERROR] Internal Server Error: /login/
Traceback (most recent call last):
  File "C:\Users\admin\AppData\Local\Programs\Python\Python311\Lib\site-packages\django\template\base.py", line 505, in parse
    compile_func = self.tags[command]
                   ~~~~~~~~~^^^^^^^^^
KeyError: 'static'

During handling of the above exception, another exception occurred:

Traceback (most recent call last):
  File "C:\Users\admin\AppData\Local\Programs\Python\Python311\Lib\site-packages\django\core\handlers\exception.py", line 55, in inner
    response = get_response(request)
               ^^^^^^^^^^^^^^^^^^^^^
  File "C:\Users\admin\AppData\Local\Programs\Python\Python311\Lib\site-packages\django\core\handlers\base.py", line 197, in _get_response
    response = wrapped_callback(request, *callback_args, **callback_kwargs)
               ^^^^^^^^^^^^^^^^^^^^^^^^^^^^^^^^^^^^^^^^^^^^^^^^^^^^^^^^^^^^
  File "D:\项目\data_factory_platform\accredit\views.py", line 17, in login
    return render(request, 'login/login.html')
           ^^^^^^^^^^^^^^^^^^^^^^^^^^^^^^^^^^^
  File "C:\Users\admin\AppData\Local\Programs\Python\Python311\Lib\site-packages\django\shortcuts.py", line 24, in render
    content = loader.render_to_string(template_name, context, request, using=using)
              ^^^^^^^^^^^^^^^^^^^^^^^^^^^^^^^^^^^^^^^^^^^^^^^^^^^^^^^^^^^^^^^^^^^^^
  File "C:\Users\admin\AppData\Local\Programs\Python\Python311\Lib\site-packages\django\template\loader.py", line 61, in render_to_string
    template = get_template(template_name, using=using)
               ^^^^^^^^^^^^^^^^^^^^^^^^^^^^^^^^^^^^^^^^
  File "C:\Users\admin\AppData\Local\Programs\Python\Python311\Lib\site-packages\django\template\loader.py", line 15, in get_template
    return engine.get_template(template_name)
           ^^^^^^^^^^^^^^^^^^^^^^^^^^^^^^^^^^
  File "C:\Users\admin\AppData\Local\Programs\Python\Python311\Lib\site-packages\django\template\backends\django.py", line 34, in get_template
    return Template(self.engine.get_template(template_name), self)
                    ^^^^^^^^^^^^^^^^^^^^^^^^^^^^^^^^^^^^^^^
  File "C:\Users\admin\AppData\Local\Programs\Python\Python311\Lib\site-packages\django\template\engine.py", line 175, in get_template
    template, origin = self.find_template(template_name)
                       ^^^^^^^^^^^^^^^^^^^^^^^^^^^^^^^^^
  File "C:\Users\admin\AppData\Local\Programs\Python\Python311\Lib\site-packages\django\template\engine.py", line 157, in find_template
    template = loader.get_template(name, skip=skip)
               ^^^^^^^^^^^^^^^^^^^^^^^^^^^^^^^^^^^^
  File "C:\Users\admin\AppData\Local\Programs\Python\Python311\Lib\site-packages\django\template\loaders\cached.py", line 57, in get_template
    template = super().get_template(template_name, skip)
               ^^^^^^^^^^^^^^^^^^^^^^^^^^^^^^^^^^^^^^^^^
  File "C:\Users\admin\AppData\Local\Programs\Python\Python311\Lib\site-packages\django\template\loaders\base.py", line 28, in get_template
    return Template(
           ^^^^^^^^^
  File "C:\Users\admin\AppData\Local\Programs\Python\Python311\Lib\site-packages\django\template\base.py", line 154, in __init__
    self.nodelist = self.compile_nodelist()
                    ^^^^^^^^^^^^^^^^^^^^^^^
  File "C:\Users\admin\AppData\Local\Programs\Python\Python311\Lib\site-packages\django\template\base.py", line 200, in compile_nodelist
    return parser.parse()
           ^^^^^^^^^^^^^^
  File "C:\Users\admin\AppData\Local\Programs\Python\Python311\Lib\site-packages\django\template\base.py", line 507, in parse
    self.invalid_block_tag(token, command, parse_until)
  File "C:\Users\admin\AppData\Local\Programs\Python\Python311\Lib\site-packages\django\template\base.py", line 568, in invalid_block_tag
    raise self.error(
django.template.exceptions.TemplateSyntaxError: Invalid block tag on line 7: 'static'. Did you forget to register or load this tag?
2023-05-13 15:36:00,553 [django.request:241] [log:log_response] [WARNING] Not Found: /login/images/login-icons.png
2023-05-13 15:36:01,544 [django.request:241] [log:log_response] [WARNING] Not Found: /login/images/login-icons.png
2023-05-13 15:36:01,890 [django.request:241] [log:log_response] [WARNING] Not Found: /login/images/login-icons.png
2023-05-13 15:36:02,087 [django.request:241] [log:log_response] [WARNING] Not Found: /login/images/login-icons.png
2023-05-13 15:36:02,223 [django.request:241] [log:log_response] [WARNING] Not Found: /login/images/login-icons.png
2023-05-13 15:36:02,444 [django.request:241] [log:log_response] [WARNING] Not Found: /login/images/login-icons.png
2023-05-13 15:36:02,589 [django.request:241] [log:log_response] [WARNING] Not Found: /login/images/login-icons.png
2023-05-13 15:36:17,526 [django.request:241] [log:log_response] [WARNING] Not Found: /login/images/login-icons.png
2023-05-13 15:36:32,408 [django.request:241] [log:log_response] [WARNING] Not Found: /login/images/login-icons.png
2023-05-13 15:37:12,760 [django.request:241] [log:log_response] [WARNING] Not Found: /login/images/login-icons.png
2023-05-13 15:37:13,549 [django.request:241] [log:log_response] [WARNING] Not Found: /login/images/login-icons.png
2023-05-13 15:38:34,473 [django.request:241] [log:log_response] [WARNING] Not Found: /login/images/login-icons.png
2023-05-13 15:39:10,200 [django.request:241] [log:log_response] [WARNING] Not Found: /login/images/login-icons.png
2023-05-13 15:39:10,814 [django.request:241] [log:log_response] [WARNING] Not Found: /login/images/login-icons.png
2023-05-13 15:39:11,235 [django.request:241] [log:log_response] [WARNING] Not Found: /login/images/login-icons.png
2023-05-13 15:39:34,121 [django.request:241] [log:log_response] [WARNING] Not Found: /login/images/login-icons.png
2023-05-13 15:39:34,561 [django.request:241] [log:log_response] [WARNING] Not Found: /login/images/login-icons.png
2023-05-13 15:39:39,397 [django.request:241] [log:log_response] [WARNING] Not Found: /login/images/login-icons.png
2023-05-13 15:39:39,939 [django.request:241] [log:log_response] [WARNING] Not Found: /login/images/login-icons.png
2023-05-13 15:39:44,334 [django.request:241] [log:log_response] [WARNING] Not Found: /login/images/login-icons.png
2023-05-13 15:40:03,752 [django.request:241] [log:log_response] [WARNING] Not Found: /login/images/login-icons.png
2023-05-13 15:40:04,376 [django.request:241] [log:log_response] [WARNING] Not Found: /login/images/login-icons.png
2023-05-13 15:40:04,976 [django.request:241] [log:log_response] [WARNING] Not Found: /login/images/login-icons.png
2023-05-13 15:40:05,145 [django.request:241] [log:log_response] [WARNING] Not Found: /login/images/login-icons.png
2023-05-13 15:40:22,802 [django.request:241] [log:log_response] [WARNING] Not Found: /login/images/login-icons.png
2023-05-13 15:40:23,144 [django.request:241] [log:log_response] [WARNING] Not Found: /login/images/login-icons.png
2023-05-13 15:44:32,417 [django.request:241] [log:log_response] [WARNING] Not Found: /login/images/login-icons.png
2023-05-13 15:44:32,949 [django.request:241] [log:log_response] [WARNING] Not Found: /login/images/login-icons.png
2023-05-13 15:44:33,472 [django.request:241] [log:log_response] [WARNING] Not Found: /login/images/login-icons.png
2023-05-13 15:44:34,262 [django.request:241] [log:log_response] [WARNING] Not Found: /login/images/login-icons.png
2023-05-13 15:44:34,462 [django.request:241] [log:log_response] [WARNING] Not Found: /login/images/login-icons.png
2023-05-13 15:44:34,617 [django.request:241] [log:log_response] [WARNING] Not Found: /login/images/login-icons.png
2023-05-13 15:44:34,748 [django.request:241] [log:log_response] [WARNING] Not Found: /login/images/login-icons.png
2023-05-13 15:44:34,895 [django.request:241] [log:log_response] [WARNING] Not Found: /login/images/login-icons.png
2023-05-13 15:44:35,031 [django.request:241] [log:log_response] [WARNING] Not Found: /login/images/login-icons.png
2023-05-13 15:44:37,457 [django.request:241] [log:log_response] [WARNING] Not Found: /login/images/login-icons.png
2023-05-13 15:44:40,711 [django.request:241] [log:log_response] [WARNING] Not Found: /login/images/login-icons.png
2023-05-13 15:44:41,261 [django.request:241] [log:log_response] [WARNING] Not Found: /login/images/login-icons.png
2023-05-13 15:44:41,362 [django.request:241] [log:log_response] [WARNING] Not Found: /login/images/login-icons.png
2023-05-13 15:44:41,478 [django.request:241] [log:log_response] [WARNING] Not Found: /login/images/login-icons.png
2023-05-13 15:44:41,622 [django.request:241] [log:log_response] [WARNING] Not Found: /login/images/login-icons.png
2023-05-13 15:44:41,732 [django.request:241] [log:log_response] [WARNING] Not Found: /login/images/login-icons.png
2023-05-13 15:44:41,894 [django.request:241] [log:log_response] [WARNING] Not Found: /login/images/login-icons.png
2023-05-13 15:44:42,025 [django.request:241] [log:log_response] [WARNING] Not Found: /login/images/login-icons.png
2023-05-13 15:44:42,188 [django.request:241] [log:log_response] [WARNING] Not Found: /login/images/login-icons.png
2023-05-13 15:44:42,313 [django.request:241] [log:log_response] [WARNING] Not Found: /login/images/login-icons.png
2023-05-13 15:44:42,467 [django.request:241] [log:log_response] [WARNING] Not Found: /login/images/login-icons.png
2023-05-13 15:44:43,075 [django.request:241] [log:log_response] [WARNING] Not Found: /login/images/login-icons.png
2023-05-13 15:44:43,638 [django.request:241] [log:log_response] [WARNING] Not Found: /login/images/login-icons.png
2023-05-13 15:44:44,095 [django.request:241] [log:log_response] [WARNING] Not Found: /login/images/login-icons.png
2023-05-13 15:44:44,241 [django.request:241] [log:log_response] [WARNING] Not Found: /login/images/login-icons.png
2023-05-13 15:44:44,383 [django.request:241] [log:log_response] [WARNING] Not Found: /login/images/login-icons.png
2023-05-13 15:44:44,534 [django.request:241] [log:log_response] [WARNING] Not Found: /login/images/login-icons.png
2023-05-13 15:44:44,668 [django.request:241] [log:log_response] [WARNING] Not Found: /login/images/login-icons.png
2023-05-13 15:45:10,180 [django.request:241] [log:log_response] [WARNING] Not Found: /login/images/login-icons.png
2023-05-13 15:45:10,573 [django.request:241] [log:log_response] [WARNING] Not Found: /login/images/login-icons.png
2023-05-13 15:45:10,774 [django.request:241] [log:log_response] [WARNING] Not Found: /login/images/login-icons.png
2023-05-13 15:45:10,971 [django.request:241] [log:log_response] [WARNING] Not Found: /login/images/login-icons.png
2023-05-13 15:45:11,431 [django.request:241] [log:log_response] [WARNING] Not Found: /login/images/login-icons.png
2023-05-13 15:55:38,161 [django.request:241] [log:log_response] [WARNING] Not Found: /factory/index/
2023-05-13 16:06:03,603 [django.request:241] [log:log_response] [ERROR] Internal Server Error: /register/
Traceback (most recent call last):
  File "C:\Users\admin\AppData\Local\Programs\Python\Python311\Lib\site-packages\django\core\handlers\exception.py", line 55, in inner
    response = get_response(request)
               ^^^^^^^^^^^^^^^^^^^^^
  File "C:\Users\admin\AppData\Local\Programs\Python\Python311\Lib\site-packages\django\core\handlers\base.py", line 197, in _get_response
    response = wrapped_callback(request, *callback_args, **callback_kwargs)
               ^^^^^^^^^^^^^^^^^^^^^^^^^^^^^^^^^^^^^^^^^^^^^^^^^^^^^^^^^^^^
  File "D:\项目\data_factory_platform\accredit\views.py", line 32, in register
    return render(request, template_name='authorization/html/register.html')
           ^^^^^^^^^^^^^^^^^^^^^^^^^^^^^^^^^^^^^^^^^^^^^^^^^^^^^^^^^^^^^^^^^
  File "C:\Users\admin\AppData\Local\Programs\Python\Python311\Lib\site-packages\django\shortcuts.py", line 24, in render
    content = loader.render_to_string(template_name, context, request, using=using)
              ^^^^^^^^^^^^^^^^^^^^^^^^^^^^^^^^^^^^^^^^^^^^^^^^^^^^^^^^^^^^^^^^^^^^^
  File "C:\Users\admin\AppData\Local\Programs\Python\Python311\Lib\site-packages\django\template\loader.py", line 61, in render_to_string
    template = get_template(template_name, using=using)
               ^^^^^^^^^^^^^^^^^^^^^^^^^^^^^^^^^^^^^^^^
  File "C:\Users\admin\AppData\Local\Programs\Python\Python311\Lib\site-packages\django\template\loader.py", line 19, in get_template
    raise TemplateDoesNotExist(template_name, chain=chain)
django.template.exceptions.TemplateDoesNotExist: authorization/html/register.html
2023-05-13 16:10:51,558 [django.request:241] [log:log_response] [WARNING] Not Found: /register/login.html
2023-05-13 16:11:13,368 [django.request:241] [log:log_response] [WARNING] Not Found: /register/login.html
